  Level_Array.cpp
C:\Users\kimta\Documents\Assignment\Client\private\Level_Array.cpp(20,7): error C2679: 이항 '=': 오른쪽 피연산자로 'int' 형식을 사용하는 연산자가 없거나 허용되는 변환이 없습니다.
      C:\Users\kimta\Documents\Assignment\Client\Public\SimpleVector.h(30,1):
      'CSimpleVector<int> &CSimpleVector<int>::operator =(const CSimpleVector<int> &)'일 수 있습니다.
          C:\Users\kimta\Documents\Assignment\Client\private\Level_Array.cpp(20,7):
          'CSimpleVector<int> &CSimpleVector<int>::operator =(const CSimpleVector<int> &)': 인수 2을(를) 'int'에서 'const CSimpleVector<int> &'(으)로 변환할 수 없습니다.
              C:\Users\kimta\Documents\Assignment\Client\private\Level_Array.cpp(20,12):
              원인: 'int'에서 'const CSimpleVector<int>'(으)로 변환할 수 없습니다.
              C:\Users\kimta\Documents\Assignment\Client\private\Level_Array.cpp(20,12):
              'CSimpleVector<int>::CSimpleVector': 모든 인수 형식을 변환할 수 있는 오버로드된 함수가 없습니다.
                  C:\Users\kimta\Documents\Assignment\Client\Public\SimpleVector.h(30,1):
                  'CSimpleVector<int>::CSimpleVector(const CSimpleVector<int> &)'일 수 있습니다.
                      C:\Users\kimta\Documents\Assignment\Client\private\Level_Array.cpp(20,12):
                      'CSimpleVector<int>::CSimpleVector(const CSimpleVector<int> &)': 인수 1을(를) 'int'에서 'const CSimpleVector<int> &'(으)로 변환할 수 없습니다.
                          C:\Users\kimta\Documents\Assignment\Client\private\Level_Array.cpp(20,12):
                          원인: 'int'에서 'const CSimpleVector<int>'(으)로 변환할 수 없습니다.
                          C:\Users\kimta\Documents\Assignment\Client\private\Level_Array.cpp(20,12):
                          변환하려면 둘째 사용자 정의 변환 연산자 또는 생성자가 있어야 합니다.
                  C:\Users\kimta\Documents\Assignment\Client\private\Level_Array.cpp(20,12):
                  인수 목록 '(int)'을(를) 일치시키는 동안
      C:\Users\kimta\Documents\Assignment\Client\private\Level_Array.cpp(20,7):
      인수 목록 '(CSimpleVector<int>, int)'을(를) 일치시키는 동안
  
