c:\users\zzjkg\source\repos\unreal2_project\engine\default\x64\debug\vc143.pdb
c:\users\zzjkg\source\repos\unreal2_project\engine\default\x64\debug\vc143.idb
c:\users\zzjkg\source\repos\unreal2_project\engine\default\x64\debug\level_manager.obj
c:\users\zzjkg\source\repos\unreal2_project\engine\default\x64\debug\level.obj
c:\users\zzjkg\source\repos\unreal2_project\engine\default\x64\debug\gameinstance.obj
c:\users\zzjkg\source\repos\unreal2_project\engine\default\x64\debug\base.obj
c:\users\zzjkg\source\repos\unreal2_project\engine\default\x64\debug\timer_manager.obj
c:\users\zzjkg\source\repos\unreal2_project\engine\default\x64\debug\timer.obj
c:\users\zzjkg\source\repos\unreal2_project\engine\default\x64\debug\input_manager.obj
c:\users\zzjkg\source\repos\unreal2_project\engine\bin\engine.dll
c:\users\zzjkg\source\repos\unreal2_project\engine\bin\engine.pdb
c:\users\zzjkg\source\repos\unreal2_project\engine\bin\engine.lib
c:\users\zzjkg\source\repos\unreal2_project\engine\bin\engine.exp
c:\users\zzjkg\source\repos\unreal2_project\engine\default\x64\debug\engine.ilk
c:\users\zzjkg\source\repos\unreal2_project\engine\default\x64\debug\input.obj
c:\users\zzjkg\source\repos\unreal2_project\engine\default\x64\debug\engine.tlog\cl.command.1.tlog
c:\users\zzjkg\source\repos\unreal2_project\engine\default\x64\debug\engine.tlog\cl.items.tlog
c:\users\zzjkg\source\repos\unreal2_project\engine\default\x64\debug\engine.tlog\cl.read.1.tlog
c:\users\zzjkg\source\repos\unreal2_project\engine\default\x64\debug\engine.tlog\cl.write.1.tlog
c:\users\zzjkg\source\repos\unreal2_project\engine\default\x64\debug\engine.tlog\link.command.1.tlog
c:\users\zzjkg\source\repos\unreal2_project\engine\default\x64\debug\engine.tlog\link.read.1.tlog
c:\users\zzjkg\source\repos\unreal2_project\engine\default\x64\debug\engine.tlog\link.secondary.1.tlog
c:\users\zzjkg\source\repos\unreal2_project\engine\default\x64\debug\engine.tlog\link.write.1.tlog
